<?xml version="1.0" encoding="UTF-8"?>
<!-- Generated by org.testng.reporters.JUnitReportReporter -->
<testsuite hostname="Cristian-Victus" failures="0" tests="4" name="Tests.BuscaProducto" time="21.215" errors="0" timestamp="2025-04-19T23:15:23 COT" skipped="0">
  <testcase classname="Tests.BuscaProducto" name="buscarProductoExistente" time="6.064"/>
  <system-out/>
  <testcase classname="Tests.BuscaProducto" name="buscarProductoInexistente" time="4.931"/>
  <system-out/>
  <testcase classname="Tests.BuscaProducto" name="buscarProductoExistente" time="4.986"/>
  <system-out/>
  <testcase classname="Tests.BuscaProducto" name="buscarProductoExistente" time="5.234"/>
  <system-out/>
</testsuite> <!-- Tests.BuscaProducto -->
